mode: set
github.com/BogdanYanov/go-workers-pool/worker/dispatcher.go:23.64,24.36 1 1
github.com/BogdanYanov/go-workers-pool/worker/dispatcher.go:27.2,36.34 2 1
github.com/BogdanYanov/go-workers-pool/worker/dispatcher.go:40.2,40.10 1 1
github.com/BogdanYanov/go-workers-pool/worker/dispatcher.go:24.36,26.3 1 1
github.com/BogdanYanov/go-workers-pool/worker/dispatcher.go:36.34,38.3 1 1
github.com/BogdanYanov/go-workers-pool/worker/dispatcher.go:43.27,44.38 1 1
github.com/BogdanYanov/go-workers-pool/worker/dispatcher.go:49.2,50.17 2 1
github.com/BogdanYanov/go-workers-pool/worker/dispatcher.go:44.38,47.3 2 1
github.com/BogdanYanov/go-workers-pool/worker/dispatcher.go:53.32,54.6 1 1
github.com/BogdanYanov/go-workers-pool/worker/dispatcher.go:54.6,55.10 1 1
github.com/BogdanYanov/go-workers-pool/worker/dispatcher.go:56.31,58.24 2 1
github.com/BogdanYanov/go-workers-pool/worker/dispatcher.go:59.20,60.40 1 1
github.com/BogdanYanov/go-workers-pool/worker/dispatcher.go:63.4,65.10 3 1
github.com/BogdanYanov/go-workers-pool/worker/dispatcher.go:60.40,62.5 1 1
github.com/BogdanYanov/go-workers-pool/worker/dispatcher.go:70.28,73.2 2 1
github.com/BogdanYanov/go-workers-pool/worker/worker.go:25.88,33.2 1 1
github.com/BogdanYanov/go-workers-pool/worker/worker.go:35.28,36.6 1 1
github.com/BogdanYanov/go-workers-pool/worker/worker.go:36.6,38.10 2 1
github.com/BogdanYanov/go-workers-pool/worker/worker.go:39.30,41.21 2 1
github.com/BogdanYanov/go-workers-pool/worker/worker.go:42.17,44.10 2 1
github.com/BogdanYanov/go-workers-pool/worker/worker.go:50.27,51.12 1 1
github.com/BogdanYanov/go-workers-pool/worker/worker.go:51.12,53.3 1 1
github.com/BogdanYanov/go-workers-pool/worker/worker.go:57.32,59.2 1 1
